<?xml version="1.1" encoding="UTF-8"?>
<testsuites tests="0" failures="9.5367431640625e-07" time="0.000000000">
</testsuites>
